<?xml version="1.0" encoding="UTF-8"?>
<testng-results ignored="0" total="1" passed="1" failed="0" skipped="0">
  <reporter-output>
  </reporter-output>
  <suite started-at="2023-12-12T05:31:33 PST" name="Suite" finished-at="2023-12-12T05:46:21 PST" duration-ms="888339">
    <groups>
    </groups>
    <test started-at="2023-12-12T05:31:33 PST" name="Test" finished-at="2023-12-12T05:46:21 PST" duration-ms="888339">
      <class name="com.AllCode.OtherSites.DataFromSheet">
        <test-method signature="ExcelSheetData(java.lang.String)[pri:0, instance:com.AllCode.OtherSites.DataFromSheet@7d3a22a9]" started-at="2023-12-12T05:31:33 PST" name="ExcelSheetData" finished-at="2023-12-12T05:46:21 PST" duration-ms="888300" status="PASS">
          <params>
            <param index="0">
              <value>
                <![CDATA[Sheet1]]>
              </value>
            </param>
          </params>
          <reporter-output>
          </reporter-output>
        </test-method> <!-- ExcelSheetData -->
      </class> <!-- com.AllCode.OtherSites.DataFromSheet -->
    </test> <!-- Test -->
  </suite> <!-- Suite -->
</testng-results>
