<?xml version="1.0" encoding="UTF-8"?>
<testng-results ignored="0" total="1" passed="1" failed="0" skipped="0">
  <reporter-output>
  </reporter-output>
  <suite started-at="2024-02-12T20:00:32 IST" name="Suite" finished-at="2024-02-12T20:16:04 IST" duration-ms="931778">
    <groups>
    </groups>
    <test started-at="2024-02-12T20:00:32 IST" name="Test" finished-at="2024-02-12T20:16:04 IST" duration-ms="931778">
      <class name="com.AllCode.OtherSites.DataFromSheet">
        <test-method signature="ExcelSheetData(java.lang.String)[pri:0, instance:com.AllCode.OtherSites.DataFromSheet@498d318c]" started-at="2024-02-12T20:00:32 IST" name="ExcelSheetData" finished-at="2024-02-12T20:16:04 IST" duration-ms="931686" status="PASS">
          <params>
            <param index="0">
              <value>
                <![CDATA[Sheet1]]>
              </value>
            </param>
          </params>
          <reporter-output>
          </reporter-output>
        </test-method> <!-- ExcelSheetData -->
      </class> <!-- com.AllCode.OtherSites.DataFromSheet -->
    </test> <!-- Test -->
  </suite> <!-- Suite -->
</testng-results>
